30-Jul-2018 11:14:14.932 INFO [main] org.apache.catalina.core.ApplicationContext.log ContextListener: contextInitialized()
30-Jul-2018 11:14:14.932 INFO [main] org.apache.catalina.core.ApplicationContext.log SessionListener: contextInitialized()
30-Jul-2018 11:14:14.947 INFO [main] org.apache.catalina.core.ApplicationContext.log ContextListener: attributeAdded('StockTicker', 'async.Stockticker@5b7a5baa')
30-Jul-2018 11:14:15.025 INFO [main] org.apache.catalina.core.ApplicationContext.log SessionListener: contextDestroyed()
30-Jul-2018 11:14:15.025 INFO [main] org.apache.catalina.core.ApplicationContext.log ContextListener: contextDestroyed()
30-Jul-2018 11:14:30.155 INFO [main] org.apache.catalina.core.ApplicationContext.log ContextListener: contextInitialized()
30-Jul-2018 11:14:30.155 INFO [main] org.apache.catalina.core.ApplicationContext.log SessionListener: contextInitialized()
30-Jul-2018 11:14:30.156 INFO [main] org.apache.catalina.core.ApplicationContext.log ContextListener: attributeAdded('StockTicker', 'async.Stockticker@5bf0d49')
30-Jul-2018 11:14:30.248 INFO [main] org.apache.catalina.core.ApplicationContext.log SessionListener: contextDestroyed()
30-Jul-2018 11:14:30.248 INFO [main] org.apache.catalina.core.ApplicationContext.log ContextListener: contextDestroyed()
30-Jul-2018 11:14:34.033 INFO [main] org.apache.catalina.core.ApplicationContext.log ContextListener: contextInitialized()
30-Jul-2018 11:14:34.049 INFO [main] org.apache.catalina.core.ApplicationContext.log SessionListener: contextInitialized()
30-Jul-2018 11:14:34.049 INFO [main] org.apache.catalina.core.ApplicationContext.log ContextListener: attributeAdded('StockTicker', 'async.Stockticker@1d296da')
30-Jul-2018 11:14:34.127 INFO [main] org.apache.catalina.core.ApplicationContext.log SessionListener: contextDestroyed()
30-Jul-2018 11:14:34.127 INFO [main] org.apache.catalina.core.ApplicationContext.log ContextListener: contextDestroyed()
30-Jul-2018 11:17:24.554 INFO [main] org.apache.catalina.core.ApplicationContext.log ContextListener: contextInitialized()
30-Jul-2018 11:17:24.554 INFO [main] org.apache.catalina.core.ApplicationContext.log SessionListener: contextInitialized()
30-Jul-2018 11:17:24.554 INFO [main] org.apache.catalina.core.ApplicationContext.log ContextListener: attributeAdded('StockTicker', 'async.Stockticker@776aec5c')
30-Jul-2018 11:17:24.632 INFO [main] org.apache.catalina.core.ApplicationContext.log SessionListener: contextDestroyed()
30-Jul-2018 11:17:24.632 INFO [main] org.apache.catalina.core.ApplicationContext.log ContextListener: contextDestroyed()
30-Jul-2018 11:17:35.321 INFO [main] org.apache.catalina.core.ApplicationContext.log ContextListener: contextInitialized()
30-Jul-2018 11:17:35.321 INFO [main] org.apache.catalina.core.ApplicationContext.log SessionListener: contextInitialized()
30-Jul-2018 11:17:35.321 INFO [main] org.apache.catalina.core.ApplicationContext.log ContextListener: attributeAdded('StockTicker', 'async.Stockticker@776aec5c')
30-Jul-2018 11:17:35.415 INFO [main] org.apache.catalina.core.ApplicationContext.log SessionListener: contextDestroyed()
30-Jul-2018 11:17:35.415 INFO [main] org.apache.catalina.core.ApplicationContext.log ContextListener: contextDestroyed()
30-Jul-2018 11:18:19.009 INFO [main] org.apache.catalina.core.ApplicationContext.log ContextListener: contextInitialized()
30-Jul-2018 11:18:19.009 INFO [main] org.apache.catalina.core.ApplicationContext.log SessionListener: contextInitialized()
30-Jul-2018 11:18:19.011 INFO [main] org.apache.catalina.core.ApplicationContext.log ContextListener: attributeAdded('StockTicker', 'async.Stockticker@776aec5c')
30-Jul-2018 11:18:19.098 INFO [main] org.apache.catalina.core.ApplicationContext.log SessionListener: contextDestroyed()
30-Jul-2018 11:18:19.098 INFO [main] org.apache.catalina.core.ApplicationContext.log ContextListener: contextDestroyed()
30-Jul-2018 11:18:57.071 INFO [main] org.apache.catalina.core.ApplicationContext.log ContextListener: contextInitialized()
30-Jul-2018 11:18:57.071 INFO [main] org.apache.catalina.core.ApplicationContext.log SessionListener: contextInitialized()
30-Jul-2018 11:18:57.073 INFO [main] org.apache.catalina.core.ApplicationContext.log ContextListener: attributeAdded('StockTicker', 'async.Stockticker@3eb25e1a')
30-Jul-2018 11:19:48.326 INFO [Thread-5] org.apache.catalina.core.ApplicationContext.log SessionListener: contextDestroyed()
30-Jul-2018 11:19:48.326 INFO [Thread-5] org.apache.catalina.core.ApplicationContext.log ContextListener: contextDestroyed()
30-Jul-2018 12:51:55.588 INFO [main] org.apache.catalina.core.ApplicationContext.log ContextListener: contextInitialized()
30-Jul-2018 12:51:55.588 INFO [main] org.apache.catalina.core.ApplicationContext.log SessionListener: contextInitialized()
30-Jul-2018 12:51:55.588 INFO [main] org.apache.catalina.core.ApplicationContext.log ContextListener: attributeAdded('StockTicker', 'async.Stockticker@3eb25e1a')
30-Jul-2018 12:55:10.310 INFO [Thread-5] org.apache.catalina.core.ApplicationContext.log SessionListener: contextDestroyed()
30-Jul-2018 12:55:10.310 INFO [Thread-5] org.apache.catalina.core.ApplicationContext.log ContextListener: contextDestroyed()
30-Jul-2018 12:55:43.607 INFO [main] org.apache.catalina.core.ApplicationContext.log ContextListener: contextInitialized()
30-Jul-2018 12:55:43.607 INFO [main] org.apache.catalina.core.ApplicationContext.log SessionListener: contextInitialized()
30-Jul-2018 12:55:43.607 INFO [main] org.apache.catalina.core.ApplicationContext.log ContextListener: attributeAdded('StockTicker', 'async.Stockticker@7d8704ef')
30-Jul-2018 13:16:58.027 INFO [Thread-5] org.apache.catalina.core.ApplicationContext.log SessionListener: contextDestroyed()
30-Jul-2018 13:16:58.027 INFO [Thread-5] org.apache.catalina.core.ApplicationContext.log ContextListener: contextDestroyed()
30-Jul-2018 16:20:40.188 INFO [main] org.apache.catalina.core.ApplicationContext.log ContextListener: contextInitialized()
30-Jul-2018 16:20:40.188 INFO [main] org.apache.catalina.core.ApplicationContext.log SessionListener: contextInitialized()
30-Jul-2018 16:20:40.188 INFO [main] org.apache.catalina.core.ApplicationContext.log ContextListener: attributeAdded('StockTicker', 'async.Stockticker@3eb25e1a')
30-Jul-2018 16:23:17.901 INFO [main] org.apache.catalina.core.ApplicationContext.log ContextListener: contextInitialized()
30-Jul-2018 16:23:17.901 INFO [main] org.apache.catalina.core.ApplicationContext.log SessionListener: contextInitialized()
30-Jul-2018 16:23:17.901 INFO [main] org.apache.catalina.core.ApplicationContext.log ContextListener: attributeAdded('StockTicker', 'async.Stockticker@3eb25e1a')
30-Jul-2018 16:28:37.046 INFO [Thread-5] org.apache.catalina.core.ApplicationContext.log SessionListener: contextDestroyed()
30-Jul-2018 16:28:37.046 INFO [Thread-5] org.apache.catalina.core.ApplicationContext.log ContextListener: contextDestroyed()
30-Jul-2018 16:30:11.082 INFO [main] org.apache.catalina.core.ApplicationContext.log ContextListener: contextInitialized()
30-Jul-2018 16:30:11.082 INFO [main] org.apache.catalina.core.ApplicationContext.log SessionListener: contextInitialized()
30-Jul-2018 16:30:11.082 INFO [main] org.apache.catalina.core.ApplicationContext.log ContextListener: attributeAdded('StockTicker', 'async.Stockticker@158a8276')
30-Jul-2018 16:31:56.298 INFO [Thread-5] org.apache.catalina.core.ApplicationContext.log SessionListener: contextDestroyed()
30-Jul-2018 16:31:56.298 INFO [Thread-5] org.apache.catalina.core.ApplicationContext.log ContextListener: contextDestroyed()
